<?xml version="1.0" encoding="UTF-8"?>
<!-- Generated by org.testng.reporters.JUnitXMLReporter -->
<testsuite hostname="ATMECSINLT-044" ignored="0" name="Test1" tests="5" failures="5" timestamp="13 Sep 2019 12:47:15 GMT" time="115.767" errors="0">
  <testcase name="signUp" time="6.103" classname="com.atmecs.phptravels.tests.PhpTravels_signUp">
    <failure type="java.lang.NullPointerException">
      <![CDATA[java.lang.NullPointerException
at com.atmecs.phptravels.pageactions.PageActions.clickElement(PageActions.java:18)
at com.atmecs.phptravels.validateprofile.Profile.fetchingProfileData(Profile.java:23)
at com.atmecs.phptravels.tests.PhpTravels_profile.fetchingProfileData(PhpTravels_profile.java:16)
at com.atmecs.phptravels.tests.PhpTravels_signUp.signUp(PhpTravels_signUp.java:53)
at java.util.concurrent.FutureTask.run(FutureTask.java:266)
at java.util.concurrent.ThreadPoolExecutor.runWorker(ThreadPoolExecutor.java:1149)
at java.util.concurrent.ThreadPoolExecutor$Worker.run(ThreadPoolExecutor.java:624)
at java.lang.Thread.run(Thread.java:748)
... Removed 16 stack frames]]>
    </failure>
  </testcase> <!-- signUp -->
  <testcase name="signUp" time="5.283" classname="com.atmecs.phptravels.tests.PhpTravels_signUp">
    <failure type="java.lang.NullPointerException">
      <![CDATA[java.lang.NullPointerException
at com.atmecs.phptravels.pageactions.PageActions.clickElement(PageActions.java:18)
at com.atmecs.phptravels.validateprofile.Profile.fetchingProfileData(Profile.java:23)
at com.atmecs.phptravels.tests.PhpTravels_profile.fetchingProfileData(PhpTravels_profile.java:16)
at com.atmecs.phptravels.tests.PhpTravels_signUp.signUp(PhpTravels_signUp.java:53)
at java.util.concurrent.FutureTask.run(FutureTask.java:266)
at java.util.concurrent.ThreadPoolExecutor.runWorker(ThreadPoolExecutor.java:1149)
at java.util.concurrent.ThreadPoolExecutor$Worker.run(ThreadPoolExecutor.java:624)
at java.lang.Thread.run(Thread.java:748)
... Removed 16 stack frames]]>
    </failure>
  </testcase> <!-- signUp -->
  <testcase name="signUp" time="5.133" classname="com.atmecs.phptravels.tests.PhpTravels_signUp">
    <failure type="java.lang.NullPointerException">
      <![CDATA[java.lang.NullPointerException
at com.atmecs.phptravels.pageactions.PageActions.clickElement(PageActions.java:18)
at com.atmecs.phptravels.validateprofile.Profile.fetchingProfileData(Profile.java:23)
at com.atmecs.phptravels.tests.PhpTravels_profile.fetchingProfileData(PhpTravels_profile.java:16)
at com.atmecs.phptravels.tests.PhpTravels_signUp.signUp(PhpTravels_signUp.java:53)
at java.util.concurrent.FutureTask.run(FutureTask.java:266)
at java.util.concurrent.ThreadPoolExecutor.runWorker(ThreadPoolExecutor.java:1149)
at java.util.concurrent.ThreadPoolExecutor$Worker.run(ThreadPoolExecutor.java:624)
at java.lang.Thread.run(Thread.java:748)
... Removed 16 stack frames]]>
    </failure>
  </testcase> <!-- signUp -->
  <testcase name="signUp" time="3.903" classname="com.atmecs.phptravels.tests.PhpTravels_signUp">
    <failure type="java.lang.NullPointerException">
      <![CDATA[java.lang.NullPointerException
at com.atmecs.phptravels.pageactions.PageActions.clickElement(PageActions.java:18)
at com.atmecs.phptravels.validateprofile.Profile.fetchingProfileData(Profile.java:23)
at com.atmecs.phptravels.tests.PhpTravels_profile.fetchingProfileData(PhpTravels_profile.java:16)
at com.atmecs.phptravels.tests.PhpTravels_signUp.signUp(PhpTravels_signUp.java:53)
at java.util.concurrent.FutureTask.run(FutureTask.java:266)
at java.util.concurrent.ThreadPoolExecutor.runWorker(ThreadPoolExecutor.java:1149)
at java.util.concurrent.ThreadPoolExecutor$Worker.run(ThreadPoolExecutor.java:624)
at java.lang.Thread.run(Thread.java:748)
... Removed 16 stack frames]]>
    </failure>
  </testcase> <!-- signUp -->
  <testcase name="signUp" time="3.13" classname="com.atmecs.phptravels.tests.PhpTravels_signUp">
    <failure type="java.lang.NullPointerException">
      <![CDATA[java.lang.NullPointerException
at com.atmecs.phptravels.pageactions.PageActions.clickElement(PageActions.java:18)
at com.atmecs.phptravels.validateprofile.Profile.fetchingProfileData(Profile.java:23)
at com.atmecs.phptravels.tests.PhpTravels_profile.fetchingProfileData(PhpTravels_profile.java:16)
at com.atmecs.phptravels.tests.PhpTravels_signUp.signUp(PhpTravels_signUp.java:53)
at java.util.concurrent.FutureTask.run(FutureTask.java:266)
at java.util.concurrent.ThreadPoolExecutor.runWorker(ThreadPoolExecutor.java:1149)
at java.util.concurrent.ThreadPoolExecutor$Worker.run(ThreadPoolExecutor.java:624)
at java.lang.Thread.run(Thread.java:748)
... Removed 16 stack frames]]>
    </failure>
  </testcase> <!-- signUp -->
</testsuite> <!-- Test1 -->
