<?xml version="1.0" encoding="UTF-8"?>
<!-- Generated by org.testng.reporters.JUnitXMLReporter -->
<testsuite hostname="ATMECSINLT-044" ignored="0" name="PhpTravelsSignUP" tests="5" failures="0" timestamp="13 Sep 2019 07:14:10 GMT" time="172.657" errors="0">
  <testcase name="signUp" time="11.776" classname="com.atmecs.phptravels.tests.PhpTravels_signUp"/>
  <testcase name="signUp" time="12.937" classname="com.atmecs.phptravels.tests.PhpTravels_signUp"/>
  <testcase name="signUp" time="12.064" classname="com.atmecs.phptravels.tests.PhpTravels_signUp"/>
  <testcase name="signUp" time="10.323" classname="com.atmecs.phptravels.tests.PhpTravels_signUp"/>
  <testcase name="signUp" time="12.554" classname="com.atmecs.phptravels.tests.PhpTravels_signUp"/>
</testsuite> <!-- PhpTravelsSignUP -->
