<?xml version="1.0" encoding="UTF-8"?>
<!-- Generated by org.testng.reporters.JUnitXMLReporter -->
<testsuite hostname="ATMECSINLT-044" ignored="0" name="PhpTravelsSignUP" tests="5" failures="0" timestamp="13 Sep 2019 08:26:23 GMT" time="97.705" errors="0">
  <testcase name="signUp" time="10.275" classname="com.atmecs.phptravels.tests.PhpTravels_signUp"/>
  <testcase name="signUp" time="10.073" classname="com.atmecs.phptravels.tests.PhpTravels_signUp"/>
  <testcase name="signUp" time="9.934" classname="com.atmecs.phptravels.tests.PhpTravels_signUp"/>
  <testcase name="signUp" time="9.71" classname="com.atmecs.phptravels.tests.PhpTravels_signUp"/>
  <testcase name="signUp" time="10.068" classname="com.atmecs.phptravels.tests.PhpTravels_signUp"/>
</testsuite> <!-- PhpTravelsSignUP -->
